<?xml version="1.0" encoding="UTF-8"?>
<!-- Generated by org.testng.reporters.JUnitXMLReporter -->
<testsuite ignored="1" hostname="LAPTOP-T7B961OT" failures="0" tests="3" name="Test1" time="0.123" errors="0" timestamp="2023-01-29T17:57:13 IST">
  <testcase classname="TestNgDemo.DataProviderUsingGroupParameter" name="m1" time="0.012"/>
  <testcase classname="TestNgDemo.DataProviderUsingGroupParameter" name="m1" time="0.006"/>
  <testcase classname="TestNgDemo.DataProviderUsingGroupParameter" name="m1" time="0.002"/>
  <testcase classname="TestNgDemo.DataProviderUsingGroupParameter" name="M2" time="0.0">
    <ignored/>
  </testcase> <!-- M2 -->
</testsuite> <!-- Test1 -->
