<?xml version="1.0" encoding="UTF-8"?>
<!-- Generated by org.testng.reporters.JUnitXMLReporter -->
<testsuite ignored="1" hostname="LAPTOP-T7B961OT" failures="0" tests="3" name="Test2" time="0.045" errors="0" timestamp="2023-01-29T17:57:13 IST">
  <testcase classname="TestNgDemo.DataProviderUsingGroupParameter" name="M2" time="0.002"/>
  <testcase classname="TestNgDemo.DataProviderUsingGroupParameter" name="M2" time="0.003"/>
  <testcase classname="TestNgDemo.DataProviderUsingGroupParameter" name="M2" time="0.008"/>
  <testcase classname="TestNgDemo.DataProviderUsingGroupParameter" name="m1" time="0.0">
    <ignored/>
  </testcase> <!-- m1 -->
</testsuite> <!-- Test2 -->
