<?xml version="1.0" encoding="UTF-8"?>
<testng-results ignored="0" total="1" passed="1" failed="0" skipped="0">
  <reporter-output>
  </reporter-output>
  <suite started-at="2023-01-29T20:15:36 IST" name="Default suite" finished-at="2023-01-29T20:15:36 IST" duration-ms="108">
    <groups>
    </groups>
    <test started-at="2023-01-29T20:15:36 IST" name="Default test" finished-at="2023-01-29T20:15:36 IST" duration-ms="108">
      <class name="TestNgDemo.RetryDemoTest">
        <test-method signature="m1()[pri:0, instance:TestNgDemo.RetryDemoTest@1e0b4072]" started-at="2023-01-29T20:15:36 IST" name="m1" finished-at="2023-01-29T20:15:36 IST" duration-ms="16" status="PASS">
          <reporter-output>
          </reporter-output>
        </test-method> <!-- m1 -->
      </class> <!-- TestNgDemo.RetryDemoTest -->
    </test> <!-- Default test -->
  </suite> <!-- Default suite -->
</testng-results>
